0 info it worked if it ends with ok
1 verbose cli [ '/home/phil/.nvm/versions/node/v5.9.1/bin/node',
1 verbose cli   '/home/phil/.nvm/versions/node/v5.9.1/bin/npm',
1 verbose cli   'start' ]
2 info using npm@3.7.3
3 info using node@v5.9.1
4 verbose run-script [ 'prestart', 'start', 'poststart' ]
5 info lifecycle overreact@1.0.0~prestart: overreact@1.0.0
6 verbose lifecycle overreact@1.0.0~prestart: unsafe-perm in lifecycle true
7 verbose lifecycle overreact@1.0.0~prestart: PATH: /home/phil/.nvm/versions/node/v5.9.1/lib/node_modules/npm/bin/node-gyp-bin:/home/phil/Development/react/seamore/node_modules/.bin:/home/phil/.nvm/versions/node/v5.9.1/bin:/home/phil/.nvm/versions/node/v5.9.1/bin:/usr/local/sbin:/usr/local/bin:/usr/sbin:/usr/bin:/sbin:/bin:/usr/games:/usr/local/games
8 verbose lifecycle overreact@1.0.0~prestart: CWD: /home/phil/Development/react/seamore
9 silly lifecycle overreact@1.0.0~prestart: Args: [ '-c', 'npm run task' ]
10 silly lifecycle overreact@1.0.0~prestart: Returned: code: 0  signal: null
11 info lifecycle overreact@1.0.0~start: overreact@1.0.0
12 verbose lifecycle overreact@1.0.0~start: unsafe-perm in lifecycle true
13 verbose lifecycle overreact@1.0.0~start: PATH: /home/phil/.nvm/versions/node/v5.9.1/lib/node_modules/npm/bin/node-gyp-bin:/home/phil/Development/react/seamore/node_modules/.bin:/home/phil/.nvm/versions/node/v5.9.1/bin:/home/phil/.nvm/versions/node/v5.9.1/bin:/usr/local/sbin:/usr/local/bin:/usr/sbin:/usr/bin:/sbin:/bin:/usr/games:/usr/local/games
14 verbose lifecycle overreact@1.0.0~start: CWD: /home/phil/Development/react/seamore
15 silly lifecycle overreact@1.0.0~start: Args: [ '-c', 'node server/server.js' ]
16 silly lifecycle overreact@1.0.0~start: Returned: code: 1  signal: null
17 info lifecycle overreact@1.0.0~start: Failed to exec start script
18 verbose stack Error: overreact@1.0.0 start: `node server/server.js`
18 verbose stack Exit status 1
18 verbose stack     at EventEmitter.<anonymous> (/home/phil/.nvm/versions/node/v5.9.1/lib/node_modules/npm/lib/utils/lifecycle.js:239:16)
18 verbose stack     at emitTwo (events.js:100:13)
18 verbose stack     at EventEmitter.emit (events.js:185:7)
18 verbose stack     at ChildProcess.<anonymous> (/home/phil/.nvm/versions/node/v5.9.1/lib/node_modules/npm/lib/utils/spawn.js:24:14)
18 verbose stack     at emitTwo (events.js:100:13)
18 verbose stack     at ChildProcess.emit (events.js:185:7)
18 verbose stack     at maybeClose (internal/child_process.js:850:16)
18 verbose stack     at Process.ChildProcess._handle.onexit (internal/child_process.js:215:5)
19 verbose pkgid overreact@1.0.0
20 verbose cwd /home/phil/Development/react/seamore
21 error Linux 4.2.0-34-generic
22 error argv "/home/phil/.nvm/versions/node/v5.9.1/bin/node" "/home/phil/.nvm/versions/node/v5.9.1/bin/npm" "start"
23 error node v5.9.1
24 error npm  v3.7.3
25 error code ELIFECYCLE
26 error overreact@1.0.0 start: `node server/server.js`
26 error Exit status 1
27 error Failed at the overreact@1.0.0 start script 'node server/server.js'.
27 error Make sure you have the latest version of node.js and npm installed.
27 error If you do, this is most likely a problem with the overreact package,
27 error not with npm itself.
27 error Tell the author that this fails on your system:
27 error     node server/server.js
27 error You can get information on how to open an issue for this project with:
27 error     npm bugs overreact
27 error Or if that isn't available, you can get their info via:
27 error     npm owner ls overreact
27 error There is likely additional logging output above.
28 verbose exit [ 1, true ]
